#
# A fatal error has been detected by the Java Runtime Environment:
#
#  SIGSEGV (0xb) at pc=0x000000010d0ee6c1, pid=16254, tid=11523
#
# JRE version: Java(TM) SE Runtime Environment (8.0_91-b14) (build 1.8.0_91-b14)
# Java VM: Java HotSpot(TM) 64-Bit Server VM (25.91-b14 mixed mode bsd-amd64 compressed oops)
# Problematic frame:
# V  [libjvm.dylib+0x2ee6c1]
#
# Failed to write core dump. Core dumps have been disabled. To enable core dumping, try "ulimit -c unlimited" before starting Java again
#
# If you would like to submit a bug report, please visit:
#   http://bugreport.java.com/bugreport/crash.jsp
#

---------------  T H R E A D  ---------------

Current thread (0x00007fc189812800):  VMThread [stack: 0x000070000f015000,0x000070000f115000] [id=11523]

siginfo: si_signo: 11 (SIGSEGV), si_code: 1 (SEGV_MAPERR), si_addr: 0x0000000000000040

Registers:
RAX=0x0000000000000040, RBX=0x00000007c03bfa98, RCX=0x0000000000000000, RDX=0x0000000000000000
RSP=0x000070000f114960, RBP=0x000070000f114960, RSI=0x000070000f1149f0, RDI=0x0000000000000000
R8 =0x0000000000000000, R9 =0x0000000000000001, R10=0xe200000000000000, R11=0xffff900150fba26e
R12=0x000000000000000a, R13=0x0000000000002d00, R14=0x0000700010ef6820, R15=0x00000007c03bfa98
RIP=0x000000010d0ee6c1, EFLAGS=0x0000000000010202, ERR=0x0000000000000004
  TRAPNO=0x000000000000000e

Top of Stack: (sp=0x000070000f114960)
0x000070000f114960:   000070000f114a40 000000010d0a175b
0x000070000f114970:   4117000099000000 000020002c000000
0x000070000f114980:   0000000000000000 0000000000000000
0x000070000f114990:   0000000000000000 887331bc07000000
0x000070000f1149a0:   0000000000000000 0000000000000000
0x000070000f1149b0:   18bc2ebc07000000 b0f72ebc07000000
0x000070000f1149c0:   0100000001000000 106c21bc07000000
0x000070000f1149d0:   200070000f114a00 000000e20d1ad16a
0x000070000f1149e0:   b0aa09bc07000000 0000000000006790
0x000070000f1149f0:   0000000000000000 0000000000000000
0x000070000f114a00:   0000000000000000 506a31bc07000000
0x000070000f114a10:   0000000000000000 00007fc18950d1a0
0x000070000f114a20:   000000000000000a 0000000000002d00
0x000070000f114a30:   000000010d0a07b4 00000007c03bfa98
0x000070000f114a40:   000070000f114a70 000000010cf8d624
0x000070000f114a50:   000000000000000a 0000700010ef6790
0x000070000f114a60:   000000010d0a0156 000000010d647bc0
0x000070000f114a70:   000070000f114b60 000000010d09f355
0x000070000f114a80:   000070000f114aa0 000070000f114b30
0x000070000f114a90:   000070000f114b58 000070000f114b30
0x000070000f114aa0:   000070000f114be0 000000010d2db726
0x000070000f114ab0:   00007fffc5658650 00007fffc5610100
0x000070000f114ac0:   0000000000000000 0000000000000000
0x000070000f114ad0:   0000000000000000 0000000000000000
0x000070000f114ae0:   0000000000000000 0000000000000000
0x000070000f114af0:   000000010d6c4640 0000700010ef6820
0x000070000f114b00:   00007fc189812800 00007fc189414cf0
0x000070000f114b10:   00007fc189414d30 00007fc189414d40
0x000070000f114b20:   00007fc189414e18 00000000000000d8
0x000070000f114b30:   000070000f114da8 0000000000000000
0x000070000f114b40:   b4c8bae45b010000 080000000f114b00
0x000070000f114b50:   0000700010ef6790 0000000000000000 

Instructions: (pc=0x000000010d0ee6c1)
0x000000010d0ee6a1:   04 07 5d c3 31 c0 5d c3 90 55 48 89 e5 48 8d 05
0x000000010d0ee6b1:   db e4 5e 00 80 38 00 48 63 05 e9 ee 5e 00 74 1e
0x000000010d0ee6c1:   8b 04 07 48 85 c0 75 04 31 c0 eb 16 48 8d 15 4c
0x000000010d0ee6d1:   52 54 00 8a 4a 08 48 d3 e0 48 03 02 eb 04 48 8b 

Register to memory mapping:

RAX=0x0000000000000040 is an unknown value
RBX=0x00000007c03bfa98 is pointing into metadata
RCX=0x0000000000000000 is an unknown value
RDX=0x0000000000000000 is an unknown value
RSP=0x000070000f114960 is an unknown value
RBP=0x000070000f114960 is an unknown value
RSI=0x000070000f1149f0 is an unknown value
RDI=0x0000000000000000 is an unknown value
R8 =0x0000000000000000 is an unknown value
R9 =0x0000000000000001 is an unknown value
R10=0xe200000000000000 is an unknown value
R11=0xffff900150fba26e is an unknown value
R12=0x000000000000000a is an unknown value
R13=0x0000000000002d00 is an unknown value
R14=0x0000700010ef6820 is pointing into the stack for thread: 0x00007fc18f88f000
R15=0x00000007c03bfa98 is pointing into metadata


Stack: [0x000070000f015000,0x000070000f115000],  sp=0x000070000f114960,  free space=1022k
Native frames: (J=compiled Java code, j=interpreted, Vv=VM code, C=native code)
V  [libjvm.dylib+0x2ee6c1]
V  [libjvm.dylib+0x2a175b]
V  [libjvm.dylib+0x18d624]
V  [libjvm.dylib+0x29f355]
V  [libjvm.dylib+0x5b0a7d]
V  [libjvm.dylib+0x5af0e7]
V  [libjvm.dylib+0x5af534]
V  [libjvm.dylib+0x5aee53]
V  [libjvm.dylib+0x484f82]
C  [libsystem_pthread.dylib+0x3aab]  _pthread_body+0xb4
C  [libsystem_pthread.dylib+0x39f7]  _pthread_body+0x0
C  [libsystem_pthread.dylib+0x31fd]  thread_start+0xd

VM_Operation (0x0000700010ef6790): HeapDumper, mode: safepoint, requested by thread 0x00007fc18f88f000


---------------  P R O C E S S  ---------------

Java Threads: ( => current thread )
  0x00007fc18a8e8000 JavaThread "pool-3-thread-1" [_thread_blocked, id=91499, stack(0x0000700010efb000,0x0000700010ffb000)]
  0x00007fc18f88f000 JavaThread "Thread-7" daemon [_thread_blocked, id=89139, stack(0x0000700010df8000,0x0000700010ef8000)]
  0x00007fc189f9c000 JavaThread "Prism Font Disposer" daemon [_thread_blocked, id=48695, stack(0x000070000fec5000,0x000070000ffc5000)]
  0x00007fc189c6d800 JavaThread "DestroyJavaVM" [_thread_blocked, id=7171, stack(0x000070000eb06000,0x000070000ec06000)]
  0x00007fc18b5bb800 JavaThread "Flushing caches" [_thread_blocked, id=88339, stack(0x0000700010cf5000,0x0000700010df5000)]
  0x00007fc189fa7000 JavaThread "LWJGL Application" [_thread_blocked, id=87939, stack(0x0000700010bf2000,0x0000700010cf2000)]
  0x00007fc18ae48800 JavaThread "Thread-5" daemon [_thread_blocked, id=74499, stack(0x0000700010a69000,0x0000700010ae9000)]
  0x00007fc18f8a6800 JavaThread "Thread-4" daemon [_thread_blocked, id=73387, stack(0x0000700010966000,0x0000700010a66000)]
  0x00007fc189ef9000 JavaThread "QuantumRenderer-0" daemon [_thread_blocked, id=72215, stack(0x0000700010863000,0x0000700010963000)]
  0x00007fc18b26a800 JavaThread "JavaFX-Launcher" [_thread_blocked, id=71727, stack(0x0000700010760000,0x0000700010860000)]
  0x00007fc18b3c8000 JavaThread "Thread-1" [_thread_blocked, id=71179, stack(0x000070001065d000,0x000070001075d000)]
  0x00007fc18b3e3000 JavaThread "pool-1-thread-1" [_thread_blocked, id=70699, stack(0x000070001055a000,0x000070001065a000)]
  0x00007fc189abb800 JavaThread "Logging Flush" daemon [_thread_blocked, id=69383, stack(0x0000700010457000,0x0000700010557000)]
  0x00007fc18b17a000 JavaThread "AWT-EventQueue-0" [_thread_blocked, id=64015, stack(0x00007000102d1000,0x00007000103d1000)]
  0x00007fc18a279000 JavaThread "Java2D Disposer" daemon [_thread_blocked, id=59407, stack(0x00007000101ce000,0x00007000102ce000)]
  0x00007fc18a24a800 JavaThread "Java2D Queue Flusher" daemon [_thread_blocked, id=57351, stack(0x00007000100cb000,0x00007000101cb000)]
  0x00007fc189b08000 JavaThread "RequestProcessor queue manager" daemon [_thread_blocked, id=55811, stack(0x000070000ffc8000,0x00007000100c8000)]
  0x00007fc18a230800 JavaThread "autoupdate-network-access" daemon [_thread_blocked, id=48911, stack(0x000070000fdc2000,0x000070000fec2000)]
  0x00007fc18a921000 JavaThread "AWT-Shutdown" [_thread_blocked, id=30495, stack(0x000070000fbb9000,0x000070000fcb9000)]
  0x00007fc18a151000 JavaThread "JavaFX Application Thread" daemon [_thread_blocked, id=775, stack(0x00007fff52f98000,0x00007fff53798000)]
  0x00007fc1898bb800 JavaThread "CLI Requests Server" daemon [_thread_in_native, id=20227, stack(0x000070000fa33000,0x000070000fb33000)]
  0x00007fc1899d9800 JavaThread "Active Reference Queue Daemon" daemon [_thread_blocked, id=19715, stack(0x000070000f930000,0x000070000fa30000)]
  0x00007fc18a051800 JavaThread "Service Thread" daemon [_thread_blocked, id=18691, stack(0x000070000f72a000,0x000070000f82a000)]
  0x00007fc189875000 JavaThread "C1 CompilerThread2" daemon [_thread_blocked, id=18179, stack(0x000070000f627000,0x000070000f727000)]
  0x00007fc189874000 JavaThread "C2 CompilerThread1" daemon [_thread_blocked, id=17667, stack(0x000070000f524000,0x000070000f624000)]
  0x00007fc18a022800 JavaThread "C2 CompilerThread0" daemon [_thread_blocked, id=17155, stack(0x000070000f421000,0x000070000f521000)]
  0x00007fc18a021800 JavaThread "Signal Dispatcher" daemon [_thread_blocked, id=16643, stack(0x000070000f31e000,0x000070000f41e000)]
  0x00007fc189815800 JavaThread "Finalizer" daemon [_thread_blocked, id=12547, stack(0x000070000f21b000,0x000070000f31b000)]
  0x00007fc189815000 JavaThread "Reference Handler" daemon [_thread_blocked, id=12035, stack(0x000070000f118000,0x000070000f218000)]

Other Threads:
=>0x00007fc189812800 VMThread [stack: 0x000070000f015000,0x000070000f115000] [id=11523]
  0x00007fc18a052800 WatcherThread [stack: 0x000070000f82d000,0x000070000f92d000] [id=19203]

VM state:at safepoint (normal execution)

VM Mutex/Monitor currently owned by a thread:  ([mutex/lock_event])
[0x00007fc189412bc0] Threads_lock - owner thread: 0x00007fc189812800
[0x00007fc1894130c0] Heap_lock - owner thread: 0x00007fc18f88f000

Heap:
 PSYoungGen      total 14336K, used 9087K [0x00000007beb00000, 0x00000007c0000000, 0x00000007c0000000)
  eden space 7168K, 100% used [0x00000007beb00000,0x00000007bf200000,0x00000007bf200000)
  from space 7168K, 26% used [0x00000007bf900000,0x00000007bfadfe48,0x00000007c0000000)
  to   space 7168K, 0% used [0x00000007bf200000,0x00000007bf200000,0x00000007bf900000)
 ParOldGen       total 44032K, used 43981K [0x00000007bc000000, 0x00000007beb00000, 0x00000007beb00000)
  object space 44032K, 99% used [0x00000007bc000000,0x00000007beaf36a0,0x00000007beb00000)
 Metaspace       used 30967K, capacity 31931K, committed 32128K, reserved 1077248K
  class space    used 3868K, capacity 4113K, committed 4224K, reserved 1048576K

Card table byte_map: [0x000000010c53b000,0x000000010c55c000] byte_map_base: 0x000000010875b000

Marking Bits: (ParMarkBitMap*) 0x000000010d6e6eb0
 Begin Bits: [0x000000010e154000, 0x000000010e254000)
 End Bits:   [0x000000010e254000, 0x000000010e354000)

Polling page: 0x000000010c528000

CodeCache: size=245760Kb used=8773Kb max_used=8836Kb free=236986Kb
 bounds [0x000000011223c000, 0x0000000112afc000, 0x000000012123c000]
 total_blobs=3431 nmethods=2515 adapters=829
 compilation: enabled

Compilation events (10 events):
Event: 13.299 Thread 0x00007fc189874000 2629       4       com.sun.org.apache.xerces.internal.util.XMLChar::isSpace (22 bytes)
Event: 13.299 Thread 0x00007fc189875000 nmethod 2917 0x00000001129c8290 code [0x00000001129c8420, 0x00000001129c8688]
Event: 13.403 Thread 0x00007fc189874000 nmethod 2629 0x0000000112447910 code [0x0000000112447a60, 0x0000000112447af8]
Event: 13.403 Thread 0x00007fc189874000 2608       4       com.sun.org.apache.xerces.internal.impl.dtd.XMLDTDValidator::isSpace (5 bytes)
Event: 13.403 Thread 0x00007fc189875000 2925       2       org.openide.util.lookup.ProxyLookup$R::access$002 (7 bytes)
Event: 13.403 Thread 0x00007fc189875000 nmethod 2925 0x00000001126f4390 code [0x00000001126f44e0, 0x00000001126f4630]
Event: 13.403 Thread 0x00007fc189875000 2914  s    2       org.openide.filesystems.EventControl::enterAtomicAction (62 bytes)
Event: 13.404 Thread 0x00007fc189874000 nmethod 2608 0x0000000112540a50 code [0x0000000112540ba0, 0x0000000112540c58]
Event: 13.404 Thread 0x00007fc189874000 2295       4       com.sun.org.apache.xerces.internal.util.XMLStringBuffer::append (17 bytes)
Event: 13.406 Thread 0x00007fc189875000 nmethod 2914 0x00000001129dfb50 code [0x00000001129dfce0, 0x00000001129e01f8]

GC Heap History (10 events):
Event: 12.952 GC heap before
{Heap before GC invocations=68 (full 48):
 PSYoungGen      total 14336K, used 9087K [0x00000007beb00000, 0x00000007c0000000, 0x00000007c0000000)
  eden space 7168K, 100% used [0x00000007beb00000,0x00000007bf200000,0x00000007bf200000)
  from space 7168K, 26% used [0x00000007bf900000,0x00000007bfadfe48,0x00000007c0000000)
  to   space 7168K, 0% used [0x00000007bf200000,0x00000007bf200000,0x00000007bf900000)
 ParOldGen       total 44032K, used 43977K [0x00000007bc000000, 0x00000007beb00000, 0x00000007beb00000)
  object space 44032K, 99% used [0x00000007bc000000,0x00000007beaf2790,0x00000007beb00000)
 Metaspace       used 30957K, capacity 31931K, committed 32128K, reserved 1077248K
  class space    used 3866K, capacity 4113K, committed 4224K, reserved 1048576K
Event: 13.033 GC heap after
Heap after GC invocations=68 (full 48):
 PSYoungGen      total 14336K, used 9087K [0x00000007beb00000, 0x00000007c0000000, 0x00000007c0000000)
  eden space 7168K, 99% used [0x00000007beb00000,0x00000007bf1ffe50,0x00000007bf200000)
  from space 7168K, 26% used [0x00000007bf900000,0x00000007bfadfe48,0x00000007c0000000)
  to   space 7168K, 0% used [0x00000007bf200000,0x00000007bf200000,0x00000007bf900000)
 ParOldGen       total 44032K, used 43977K [0x00000007bc000000, 0x00000007beb00000, 0x00000007beb00000)
  object space 44032K, 99% used [0x00000007bc000000,0x00000007beaf26f0,0x00000007beb00000)
 Metaspace       used 30957K, capacity 31931K, committed 32128K, reserved 1077248K
  class space    used 3866K, capacity 4113K, committed 4224K, reserved 1048576K
}
Event: 13.034 GC heap before
{Heap before GC invocations=69 (full 49):
 PSYoungGen      total 14336K, used 9087K [0x00000007beb00000, 0x00000007c0000000, 0x00000007c0000000)
  eden space 7168K, 100% used [0x00000007beb00000,0x00000007bf200000,0x00000007bf200000)
  from space 7168K, 26% used [0x00000007bf900000,0x00000007bfadfe48,0x00000007c0000000)
  to   space 7168K, 0% used [0x00000007bf200000,0x00000007bf200000,0x00000007bf900000)
 ParOldGen       total 44032K, used 43977K [0x00000007bc000000, 0x00000007beb00000, 0x00000007beb00000)
  object space 44032K, 99% used [0x00000007bc000000,0x00000007beaf26f0,0x00000007beb00000)
 Metaspace       used 30957K, capacity 31931K, committed 32128K, reserved 1077248K
  class space    used 3866K, capacity 4113K, committed 4224K, reserved 1048576K
Event: 13.136 GC heap after
Heap after GC invocations=69 (full 49):
 PSYoungGen      total 14336K, used 9087K [0x00000007beb00000, 0x00000007c0000000, 0x00000007c0000000)
  eden space 7168K, 99% used [0x00000007beb00000,0x00000007bf1fffd0,0x00000007bf200000)
  from space 7168K, 26% used [0x00000007bf900000,0x00000007bfadfe48,0x00000007c0000000)
  to   space 7168K, 0% used [0x00000007bf200000,0x00000007bf200000,0x00000007bf900000)
 ParOldGen       total 44032K, used 43977K [0x00000007bc000000, 0x00000007beb00000, 0x00000007beb00000)
  object space 44032K, 99% used [0x00000007bc000000,0x00000007beaf26f0,0x00000007beb00000)
 Metaspace       used 30957K, capacity 31931K, committed 32128K, reserved 1077248K
  class space    used 3866K, capacity 4113K, committed 4224K, reserved 1048576K
}
Event: 13.136 GC heap before
{Heap before GC invocations=70 (full 50):
 PSYoungGen      total 14336K, used 9087K [0x00000007beb00000, 0x00000007c0000000, 0x00000007c0000000)
  eden space 7168K, 99% used [0x00000007beb00000,0x00000007bf1ffff8,0x00000007bf200000)
  from space 7168K, 26% used [0x00000007bf900000,0x00000007bfadfe48,0x00000007c0000000)
  to   space 7168K, 0% used [0x00000007bf200000,0x00000007bf200000,0x00000007bf900000)
 ParOldGen       total 44032K, used 43977K [0x00000007bc000000, 0x00000007beb00000, 0x00000007beb00000)
  object space 44032K, 99% used [0x00000007bc000000,0x00000007beaf26f0,0x00000007beb00000)
 Metaspace       used 30957K, capacity 31931K, committed 32128K, reserved 1077248K
  class space    used 3866K, capacity 4113K, committed 4224K, reserved 1048576K
Event: 13.217 GC heap after
Heap after GC invocations=70 (full 50):
 PSYoungGen      total 14336K, used 9087K [0x00000007beb00000, 0x00000007c0000000, 0x00000007c0000000)
  eden space 7168K, 99% used [0x00000007beb00000,0x00000007bf1ffff8,0x00000007bf200000)
  from space 7168K, 26% used [0x00000007bf900000,0x00000007bfadfe48,0x00000007c0000000)
  to   space 7168K, 0% used [0x00000007bf200000,0x00000007bf200000,0x00000007bf900000)
 ParOldGen       total 44032K, used 43977K [0x00000007bc000000, 0x00000007beb00000, 0x00000007beb00000)
  object space 44032K, 99% used [0x00000007bc000000,0x00000007beaf26f0,0x00000007beb00000)
 Metaspace       used 30957K, capacity 31931K, committed 32128K, reserved 1077248K
  class space    used 3866K, capacity 4113K, committed 4224K, reserved 1048576K
}
Event: 13.218 GC heap before
{Heap before GC invocations=71 (full 51):
 PSYoungGen      total 14336K, used 9087K [0x00000007beb00000, 0x00000007c0000000, 0x00000007c0000000)
  eden space 7168K, 99% used [0x00000007beb00000,0x00000007bf1ffff8,0x00000007bf200000)
  from space 7168K, 26% used [0x00000007bf900000,0x00000007bfadfe48,0x00000007c0000000)
  to   space 7168K, 0% used [0x00000007bf200000,0x00000007bf200000,0x00000007bf900000)
 ParOldGen       total 44032K, used 43980K [0x00000007bc000000, 0x00000007beb00000, 0x00000007beb00000)
  object space 44032K, 99% used [0x00000007bc000000,0x00000007beaf30e0,0x00000007beb00000)
 Metaspace       used 30957K, capacity 31931K, committed 32128K, reserved 1077248K
  class space    used 3866K, capacity 4113K, committed 4224K, reserved 1048576K
Event: 13.297 GC heap after
Heap after GC invocations=71 (full 51):
 PSYoungGen      total 14336K, used 9087K [0x00000007beb00000, 0x00000007c0000000, 0x00000007c0000000)
  eden space 7168K, 99% used [0x00000007beb00000,0x00000007bf1ffff8,0x00000007bf200000)
  from space 7168K, 26% used [0x00000007bf900000,0x00000007bfadfe48,0x00000007c0000000)
  to   space 7168K, 0% used [0x00000007bf200000,0x00000007bf200000,0x00000007bf900000)
 ParOldGen       total 44032K, used 43980K [0x00000007bc000000, 0x00000007beb00000, 0x00000007beb00000)
  object space 44032K, 99% used [0x00000007bc000000,0x00000007beaf30c0,0x00000007beb00000)
 Metaspace       used 30957K, capacity 31931K, committed 32128K, reserved 1077248K
  class space    used 3866K, capacity 4113K, committed 4224K, reserved 1048576K
}
Event: 13.299 GC heap before
{Heap before GC invocations=72 (full 52):
 PSYoungGen      total 14336K, used 9087K [0x00000007beb00000, 0x00000007c0000000, 0x00000007c0000000)
  eden space 7168K, 99% used [0x00000007beb00000,0x00000007bf1ffff8,0x00000007bf200000)
  from space 7168K, 26% used [0x00000007bf900000,0x00000007bfadfe48,0x00000007c0000000)
  to   space 7168K, 0% used [0x00000007bf200000,0x00000007bf200000,0x00000007bf900000)
 ParOldGen       total 44032K, used 43983K [0x00000007bc000000, 0x00000007beb00000, 0x00000007beb00000)
  object space 44032K, 99% used [0x00000007bc000000,0x00000007beaf3d50,0x00000007beb00000)
 Metaspace       used 30965K, capacity 31931K, committed 32128K, reserved 1077248K
  class space    used 3868K, capacity 4113K, committed 4224K, reserved 1048576K
Event: 13.402 GC heap after
Heap after GC invocations=72 (full 52):
 PSYoungGen      total 14336K, used 9087K [0x00000007beb00000, 0x00000007c0000000, 0x00000007c0000000)
  eden space 7168K, 99% used [0x00000007beb00000,0x00000007bf1fffe8,0x00000007bf200000)
  from space 7168K, 26% used [0x00000007bf900000,0x00000007bfadfe48,0x00000007c0000000)
  to   space 7168K, 0% used [0x00000007bf200000,0x00000007bf200000,0x00000007bf900000)
 ParOldGen       total 44032K, used 43980K [0x00000007bc000000, 0x00000007beb00000, 0x00000007beb00000)
  object space 44032K, 99% used [0x00000007bc000000,0x00000007beaf33d8,0x00000007beb00000)
 Metaspace       used 30965K, capacity 31931K, committed 32128K, reserved 1077248K
  class space    used 3868K, capacity 4113K, committed 4224K, reserved 1048576K
}

Deoptimization events (10 events):
Event: 7.686 Thread 0x00007fc189fa7000 Uncommon trap: reason=unstable_if action=reinterpret pc=0x0000000112a62ba4 method=javazoom.jl.decoder.OutputBuffer.clip(F)S @ 4
Event: 7.686 Thread 0x00007fc189fa7000 Uncommon trap: reason=unstable_if action=reinterpret pc=0x00000001129e6be4 method=javazoom.jl.decoder.OutputBuffer.clip(F)S @ 4
Event: 7.686 Thread 0x00007fc189fa7000 Uncommon trap: reason=unstable_if action=reinterpret pc=0x0000000112a63c60 method=javazoom.jl.decoder.OutputBuffer.clip(F)S @ 4
Event: 8.038 Thread 0x00007fc18a8e8000 Uncommon trap: reason=unstable_if action=reinterpret pc=0x000000011258f77c method=java.lang.AbstractStringBuilder.append(I)Ljava/lang/AbstractStringBuilder; @ 16
Event: 8.038 Thread 0x00007fc18a8e8000 Uncommon trap: reason=unstable_if action=reinterpret pc=0x0000000112556a4c method=java.lang.Integer.getChars(II[C)V @ 7
Event: 8.141 Thread 0x00007fc18a151000 Uncommon trap: reason=unstable_if action=reinterpret pc=0x00000001124c70f4 method=com.sun.org.apache.xerces.internal.impl.XMLDocumentFragmentScannerImpl$FragmentContentDriver.next()I @ 124
Event: 8.304 Thread 0x00007fc18a151000 Uncommon trap: reason=unstable_if action=reinterpret pc=0x00000001127ebba4 method=java.lang.String.indexOf([CII[CIII)I @ 27
Event: 8.311 Thread 0x00007fc18a151000 Uncommon trap: reason=unstable_if action=reinterpret pc=0x00000001128546d4 method=java.lang.String.indexOf([CII[CIII)I @ 27
Event: 8.311 Thread 0x00007fc18a151000 Uncommon trap: reason=unstable_if action=reinterpret pc=0x0000000112405a94 method=java.lang.String.indexOf([CII[CIII)I @ 27
Event: 12.308 Thread 0x00007fc18a8e8000 Uncommon trap: reason=unstable_if action=reinterpret pc=0x0000000112810f4c method=java.lang.String.regionMatches(ZILjava/lang/String;II)Z @ 123

Internal exceptions (10 events):
Event: 2.723 Thread 0x00007fc189ab9000 Implicit null exception at 0x0000000112456e75 to 0x00000001124571e1
Event: 2.724 Thread 0x00007fc189ab9000 Implicit null exception at 0x0000000112426935 to 0x0000000112426c95
Event: 2.728 Thread 0x00007fc189ab9000 Exception <a 'java/lang/ClassNotFoundException': sun/net/www/content/content/unknown> (0x00000007beb721d8) thrown at [/Users/java_re/workspace/8-2-build-macosx-x86_64/jdk8u91/6644/hotspot/src/share/vm/classfile/systemDictionary.cpp, line 210]
Event: 2.975 Thread 0x00007fc18b26a800 Exception <a 'java/lang/NullPointerException'> (0x00000007bf01ab18) thrown at [/Users/java_re/workspace/8-2-build-macosx-x86_64/jdk8u91/6644/hotspot/src/share/vm/interpreter/linkResolver.cpp, line 1178]
Event: 3.630 Thread 0x00007fc18a151000 Exception <a 'java/lang/NullPointerException'> (0x00000007bf59d998) thrown at [/Users/java_re/workspace/8-2-build-macosx-x86_64/jdk8u91/6644/hotspot/src/share/vm/interpreter/linkResolver.cpp, line 1178]
Event: 3.630 Thread 0x00007fc18a151000 Exception <a 'java/lang/NullPointerException'> (0x00000007bf59d998) thrown at [/Users/java_re/workspace/8-2-build-macosx-x86_64/jdk8u91/6644/hotspot/src/share/vm/prims/jvm.cpp, line 1390]
Event: 8.195 Thread 0x00007fc18a151000 Exception <a 'java/lang/ArrayIndexOutOfBoundsException': 58> (0x00000007bf0d3cd8) thrown at [/Users/java_re/workspace/8-2-build-macosx-x86_64/jdk8u91/6644/hotspot/src/share/vm/interpreter/interpreterRuntime.cpp, line 366]
Event: 8.196 Thread 0x00007fc18a151000 Exception <a 'java/lang/ArrayIndexOutOfBoundsException': 18> (0x00000007bf0d49d8) thrown at [/Users/java_re/workspace/8-2-build-macosx-x86_64/jdk8u91/6644/hotspot/src/share/vm/interpreter/interpreterRuntime.cpp, line 366]
Event: 8.197 Thread 0x00007fc18a151000 Exception <a 'java/lang/ArrayIndexOutOfBoundsException': 86> (0x00000007bf0d5d80) thrown at [/Users/java_re/workspace/8-2-build-macosx-x86_64/jdk8u91/6644/hotspot/src/share/vm/interpreter/interpreterRuntime.cpp, line 366]
Event: 13.298 Thread 0x00007fc189fa7000 Exception <a 'java/lang/OutOfMemoryError'> (0x00000007bc0246a0) thrown at [/Users/java_re/workspace/8-2-build-macosx-x86_64/jdk8u91/6644/hotspot/src/share/vm/gc_interface/collectedHeap.inline.hpp, line 170]

Events (10 events):
Event: 13.298 loading class sun/net/www/http/KeepAliveStreamCleaner
Event: 13.299 Thread 0x00007fc189874000 flushing nmethod 0x0000000112a12250
Event: 13.299 Thread 0x00007fc189875000 flushing nmethod 0x0000000112a39f10
Event: 13.299 Executing VM operation: ParallelGCFailedAllocation
Event: 13.403 Executing VM operation: ParallelGCFailedAllocation done
Event: 13.403 Thread 0x00007fc189875000 flushing nmethod 0x0000000112a62410
Event: 13.403 Thread 0x00007fc189875000 flushing nmethod 0x0000000112a63710
Event: 13.403 Thread 0x00007fc189875000 flushing nmethod 0x0000000112a7d910
Event: 13.403 Thread 0x00007fc189875000 flushing nmethod 0x0000000112aa7c10
Event: 13.406 Executing VM operation: HeapDumper


Dynamic libraries:
0x000000003ac9c000 	/System/Library/Frameworks/Cocoa.framework/Versions/A/Cocoa
0x000000003ac9c000 	/System/Library/Frameworks/Security.framework/Versions/A/Security
0x000000003ac9c000 	/System/Library/Frameworks/ApplicationServices.framework/Versions/A/ApplicationServices
0x000000003ac9c000 	/usr/lib/libz.1.dylib
0x000000003ac9c000 	/usr/lib/libSystem.B.dylib
0x000000003ac9c000 	/usr/lib/libobjc.A.dylib
0x000000003ac9c000 	/System/Library/Frameworks/CoreFoundation.framework/Versions/A/CoreFoundation
0x000000003ac9c000 	/System/Library/Frameworks/Foundation.framework/Versions/C/Foundation
0x000000003ac9c000 	/System/Library/Frameworks/AppKit.framework/Versions/C/AppKit
0x000000003ac9c000 	/System/Library/Frameworks/CoreData.framework/Versions/A/CoreData
0x000000003ac9c000 	/System/Library/PrivateFrameworks/RemoteViewServices.framework/Versions/A/RemoteViewServices
0x000000003ac9c000 	/System/Library/PrivateFrameworks/UIFoundation.framework/Versions/A/UIFoundation
0x000000003ac9c000 	/System/Library/PrivateFrameworks/DFRFoundation.framework/Versions/A/DFRFoundation
0x000000003ac9c000 	/usr/lib/libenergytrace.dylib
0x000000003ac9c000 	/System/Library/PrivateFrameworks/SkyLight.framework/Versions/A/SkyLight
0x000000003ac9c000 	/System/Library/Frameworks/CoreGraphics.framework/Versions/A/CoreGraphics
0x000000003ac9c000 	/usr/lib/libScreenReader.dylib
0x000000003ac9c000 	/System/Library/Frameworks/Accelerate.framework/Versions/A/Accelerate
0x000000003ac9c000 	/System/Library/Frameworks/IOSurface.framework/Versions/A/IOSurface
0x000000003ac9c000 	/System/Library/Frameworks/AudioToolbox.framework/Versions/A/AudioToolbox
0x000000003ac9c000 	/System/Library/Frameworks/AudioUnit.framework/Versions/A/AudioUnit
0x000000003ac9c000 	/System/Library/PrivateFrameworks/DataDetectorsCore.framework/Versions/A/DataDetectorsCore
0x000000003ac9c000 	/System/Library/PrivateFrameworks/DesktopServicesPriv.framework/Versions/A/DesktopServicesPriv
0x000000003ac9c000 	/System/Library/Frameworks/Carbon.framework/Versions/A/Frameworks/HIToolbox.framework/Versions/A/HIToolbox
0x000000003ac9c000 	/usr/lib/libicucore.A.dylib
0x000000003ac9c000 	/System/Library/Frameworks/QuartzCore.framework/Versions/A/QuartzCore
0x000000003ac9c000 	/System/Library/Frameworks/Carbon.framework/Versions/A/Frameworks/SpeechRecognition.framework/Versions/A/SpeechRecognition
0x000000003ac9c000 	/usr/lib/libauto.dylib
0x000000003ac9c000 	/usr/lib/libxml2.2.dylib
0x000000003ac9c000 	/System/Library/PrivateFrameworks/CoreUI.framework/Versions/A/CoreUI
0x000000003ac9c000 	/System/Library/Frameworks/CoreAudio.framework/Versions/A/CoreAudio
0x000000003ac9c000 	/System/Library/Frameworks/DiskArbitration.framework/Versions/A/DiskArbitration
0x000000003ac9c000 	/usr/lib/liblangid.dylib
0x000000003ac9c000 	/System/Library/PrivateFrameworks/MultitouchSupport.framework/Versions/A/MultitouchSupport
0x000000003ac9c000 	/System/Library/Frameworks/IOKit.framework/Versions/A/IOKit
0x000000003ac9c000 	/usr/lib/libDiagnosticMessagesClient.dylib
0x000000003ac9c000 	/System/Library/Frameworks/CoreServices.framework/Versions/A/CoreServices
0x000000003ac9c000 	/System/Library/PrivateFrameworks/PerformanceAnalysis.framework/Versions/A/PerformanceAnalysis
0x000000003ac9c000 	/System/Library/PrivateFrameworks/GenerationalStorage.framework/Versions/A/GenerationalStorage
0x000000003ac9c000 	/System/Library/Frameworks/OpenGL.framework/Versions/A/OpenGL
0x000000003ac9c000 	/System/Library/Frameworks/CoreImage.framework/Versions/A/CoreImage
0x000000003ac9c000 	/System/Library/Frameworks/CoreText.framework/Versions/A/CoreText
0x000000003ac9c000 	/System/Library/Frameworks/ImageIO.framework/Versions/A/ImageIO
0x000000003ac9c000 	/System/Library/PrivateFrameworks/Backup.framework/Versions/A/Backup
0x000000003ac9c000 	/usr/lib/libarchive.2.dylib
0x000000003ac9c000 	/System/Library/Frameworks/CFNetwork.framework/Versions/A/CFNetwork
0x000000003ac9c000 	/System/Library/Frameworks/SystemConfiguration.framework/Versions/A/SystemConfiguration
0x000000003ac9c000 	/usr/lib/libCRFSuite.dylib
0x000000003ac9c000 	/usr/lib/libc++.1.dylib
0x000000003ac9c000 	/usr/lib/libc++abi.dylib
0x000000003ac9c000 	/usr/lib/system/libcache.dylib
0x000000003ac9c000 	/usr/lib/system/libcommonCrypto.dylib
0x000000003ac9c000 	/usr/lib/system/libcompiler_rt.dylib
0x000000003ac9c000 	/usr/lib/system/libcopyfile.dylib
0x000000003ac9c000 	/usr/lib/system/libcorecrypto.dylib
0x000000003ac9c000 	/usr/lib/system/libdispatch.dylib
0x000000003ac9c000 	/usr/lib/system/libdyld.dylib
0x000000003ac9c000 	/usr/lib/system/libkeymgr.dylib
0x000000003ac9c000 	/usr/lib/system/liblaunch.dylib
0x000000003ac9c000 	/usr/lib/system/libmacho.dylib
0x000000003ac9c000 	/usr/lib/system/libquarantine.dylib
0x000000003ac9c000 	/usr/lib/system/libremovefile.dylib
0x000000003ac9c000 	/usr/lib/system/libsystem_asl.dylib
0x000000003ac9c000 	/usr/lib/system/libsystem_blocks.dylib
0x000000003ac9c000 	/usr/lib/system/libsystem_c.dylib
0x000000003ac9c000 	/usr/lib/system/libsystem_configuration.dylib
0x000000003ac9c000 	/usr/lib/system/libsystem_coreservices.dylib
0x000000003ac9c000 	/usr/lib/system/libsystem_coretls.dylib
0x000000003ac9c000 	/usr/lib/system/libsystem_dnssd.dylib
0x000000003ac9c000 	/usr/lib/system/libsystem_info.dylib
0x000000003ac9c000 	/usr/lib/system/libsystem_kernel.dylib
0x000000003ac9c000 	/usr/lib/system/libsystem_m.dylib
0x000000003ac9c000 	/usr/lib/system/libsystem_malloc.dylib
0x000000003ac9c000 	/usr/lib/system/libsystem_network.dylib
0x000000003ac9c000 	/usr/lib/system/libsystem_networkextension.dylib
0x000000003ac9c000 	/usr/lib/system/libsystem_notify.dylib
0x000000003ac9c000 	/usr/lib/system/libsystem_platform.dylib
0x000000003ac9c000 	/usr/lib/system/libsystem_pthread.dylib
0x000000003ac9c000 	/usr/lib/system/libsystem_sandbox.dylib
0x000000003ac9c000 	/usr/lib/system/libsystem_secinit.dylib
0x000000003ac9c000 	/usr/lib/system/libsystem_symptoms.dylib
0x000000003ac9c000 	/usr/lib/system/libsystem_trace.dylib
0x000000003ac9c000 	/usr/lib/system/libunwind.dylib
0x000000003ac9c000 	/usr/lib/system/libxpc.dylib
0x000000003ac9c000 	/usr/lib/libbsm.0.dylib
0x000000003ac9c000 	/usr/lib/system/libkxld.dylib
0x000000003ac9c000 	/usr/lib/libcoretls.dylib
0x000000003ac9c000 	/usr/lib/libcoretls_cfhelpers.dylib
0x000000003ac9c000 	/usr/lib/libxar.1.dylib
0x000000003ac9c000 	/usr/lib/libsqlite3.dylib
0x000000003ac9c000 	/usr/lib/libpam.2.dylib
0x000000003ac9c000 	/usr/lib/libOpenScriptingUtil.dylib
0x000000003ac9c000 	/usr/lib/libbz2.1.0.dylib
0x000000003ac9c000 	/usr/lib/liblzma.5.dylib
0x000000003ac9c000 	/usr/lib/libnetwork.dylib
0x000000003ac9c000 	/usr/lib/libpcap.A.dylib
0x000000003ac9c000 	/System/Library/Frameworks/CoreServices.framework/Versions/A/Frameworks/FSEvents.framework/Versions/A/FSEvents
0x000000003ac9c000 	/System/Library/Frameworks/CoreServices.framework/Versions/A/Frameworks/CarbonCore.framework/Versions/A/CarbonCore
0x000000003ac9c000 	/System/Library/Frameworks/CoreServices.framework/Versions/A/Frameworks/Metadata.framework/Versions/A/Metadata
0x000000003ac9c000 	/System/Library/Frameworks/CoreServices.framework/Versions/A/Frameworks/OSServices.framework/Versions/A/OSServices
0x000000003ac9c000 	/System/Library/Frameworks/CoreServices.framework/Versions/A/Frameworks/SearchKit.framework/Versions/A/SearchKit
0x000000003ac9c000 	/System/Library/Frameworks/CoreServices.framework/Versions/A/Frameworks/AE.framework/Versions/A/AE
0x000000003ac9c000 	/System/Library/Frameworks/CoreServices.framework/Versions/A/Frameworks/LaunchServices.framework/Versions/A/LaunchServices
0x000000003ac9c000 	/System/Library/Frameworks/CoreServices.framework/Versions/A/Frameworks/DictionaryServices.framework/Versions/A/DictionaryServices
0x000000003ac9c000 	/System/Library/Frameworks/CoreServices.framework/Versions/A/Frameworks/SharedFileList.framework/Versions/A/SharedFileList
0x000000003ac9c000 	/System/Library/Frameworks/NetFS.framework/Versions/A/NetFS
0x000000003ac9c000 	/System/Library/PrivateFrameworks/NetAuth.framework/Versions/A/NetAuth
0x000000003ac9c000 	/System/Library/PrivateFrameworks/login.framework/Versions/A/Frameworks/loginsupport.framework/Versions/A/loginsupport
0x000000003ac9c000 	/System/Library/PrivateFrameworks/TCC.framework/Versions/A/TCC
0x000000003ac9c000 	/usr/lib/libmecabra.dylib
0x000000003ac9c000 	/System/Library/Frameworks/ApplicationServices.framework/Versions/A/Frameworks/ATS.framework/Versions/A/ATS
0x000000003ac9c000 	/System/Library/Frameworks/ApplicationServices.framework/Versions/A/Frameworks/ColorSync.framework/Versions/A/ColorSync
0x000000003ac9c000 	/System/Library/Frameworks/ApplicationServices.framework/Versions/A/Frameworks/HIServices.framework/Versions/A/HIServices
0x000000003ac9c000 	/System/Library/Frameworks/ApplicationServices.framework/Versions/A/Frameworks/LangAnalysis.framework/Versions/A/LangAnalysis
0x000000003ac9c000 	/System/Library/Frameworks/ApplicationServices.framework/Versions/A/Frameworks/PrintCore.framework/Versions/A/PrintCore
0x000000003ac9c000 	/System/Library/Frameworks/ApplicationServices.framework/Versions/A/Frameworks/QD.framework/Versions/A/QD
0x000000003ac9c000 	/System/Library/Frameworks/ApplicationServices.framework/Versions/A/Frameworks/SpeechSynthesis.framework/Versions/A/SpeechSynthesis
0x000000003ac9c000 	/System/Library/Frameworks/Accelerate.framework/Versions/A/Frameworks/vImage.framework/Versions/A/vImage
0x000000003ac9c000 	/System/Library/Frameworks/Accelerate.framework/Versions/A/Frameworks/vecLib.framework/Versions/A/vecLib
0x000000003ac9c000 	/System/Library/Frameworks/Accelerate.framework/Versions/A/Frameworks/vecLib.framework/Versions/A/libvDSP.dylib
0x000000003ac9c000 	/System/Library/Frameworks/Accelerate.framework/Versions/A/Frameworks/vecLib.framework/Versions/A/libBNNS.dylib
0x000000003ac9c000 	/System/Library/Frameworks/Accelerate.framework/Versions/A/Frameworks/vecLib.framework/Versions/A/libQuadrature.dylib
0x000000003ac9c000 	/System/Library/Frameworks/Accelerate.framework/Versions/A/Frameworks/vecLib.framework/Versions/A/libvMisc.dylib
0x000000003ac9c000 	/System/Library/Frameworks/Accelerate.framework/Versions/A/Frameworks/vecLib.framework/Versions/A/libLAPACK.dylib
0x000000003ac9c000 	/System/Library/Frameworks/Accelerate.framework/Versions/A/Frameworks/vecLib.framework/Versions/A/libBLAS.dylib
0x000000003ac9c000 	/System/Library/Frameworks/Accelerate.framework/Versions/A/Frameworks/vecLib.framework/Versions/A/libLinearAlgebra.dylib
0x000000003ac9c000 	/System/Library/Frameworks/Accelerate.framework/Versions/A/Frameworks/vecLib.framework/Versions/A/libSparseBLAS.dylib
0x000000003ac9c000 	/System/Library/Frameworks/ApplicationServices.framework/Versions/A/Frameworks/ATS.framework/Versions/A/Resources/libFontParser.dylib
0x000000003ac9c000 	/System/Library/Frameworks/ApplicationServices.framework/Versions/A/Frameworks/ATS.framework/Versions/A/Resources/libFontRegistry.dylib
0x000000003ac9c000 	/System/Library/Frameworks/ImageIO.framework/Versions/A/Resources/libJPEG.dylib
0x000000003ac9c000 	/System/Library/Frameworks/ImageIO.framework/Versions/A/Resources/libTIFF.dylib
0x000000003ac9c000 	/System/Library/Frameworks/ImageIO.framework/Versions/A/Resources/libPng.dylib
0x000000003ac9c000 	/System/Library/Frameworks/ImageIO.framework/Versions/A/Resources/libGIF.dylib
0x000000003ac9c000 	/System/Library/Frameworks/ImageIO.framework/Versions/A/Resources/libJP2.dylib
0x000000003ac9c000 	/System/Library/Frameworks/ImageIO.framework/Versions/A/Resources/libRadiance.dylib
0x000000003ac9c000 	/usr/lib/libcompression.dylib
0x000000003ac9c000 	/System/Library/PrivateFrameworks/AppleJPEG.framework/Versions/A/AppleJPEG
0x000000003ac9c000 	/usr/lib/libcups.2.dylib
0x000000003ac9c000 	/System/Library/Frameworks/Kerberos.framework/Versions/A/Kerberos
0x000000003ac9c000 	/System/Library/Frameworks/GSS.framework/Versions/A/GSS
0x000000003ac9c000 	/usr/lib/libresolv.9.dylib
0x000000003ac9c000 	/usr/lib/libiconv.2.dylib
0x000000003ac9c000 	/System/Library/PrivateFrameworks/Heimdal.framework/Versions/A/Heimdal
0x000000003ac9c000 	/usr/lib/libheimdal-asn1.dylib
0x000000003ac9c000 	/System/Library/Frameworks/OpenDirectory.framework/Versions/A/OpenDirectory
0x000000003ac9c000 	/System/Library/PrivateFrameworks/CommonAuth.framework/Versions/A/CommonAuth
0x000000003ac9c000 	/System/Library/Frameworks/OpenDirectory.framework/Versions/A/Frameworks/CFOpenDirectory.framework/Versions/A/CFOpenDirectory
0x000000003ac9c000 	/System/Library/Frameworks/SecurityFoundation.framework/Versions/A/SecurityFoundation
0x000000003ac9c000 	/System/Library/PrivateFrameworks/LanguageModeling.framework/Versions/A/LanguageModeling
0x000000003ac9c000 	/usr/lib/libmarisa.dylib
0x000000003ac9c000 	/usr/lib/libChineseTokenizer.dylib
0x000000003ac9c000 	/usr/lib/libcmph.dylib
0x000000003ac9c000 	/System/Library/PrivateFrameworks/CoreEmoji.framework/Versions/A/CoreEmoji
0x000000003ac9c000 	/System/Library/Frameworks/ServiceManagement.framework/Versions/A/ServiceManagement
0x000000003ac9c000 	/usr/lib/libxslt.1.dylib
0x000000003ac9c000 	/System/Library/Frameworks/Carbon.framework/Versions/A/Frameworks/Ink.framework/Versions/A/Ink
0x000000003ac9c000 	/System/Library/PrivateFrameworks/TextureIO.framework/Versions/A/TextureIO
0x000000003ac9c000 	/System/Library/Frameworks/Metal.framework/Versions/A/Metal
0x000000003ac9c000 	/usr/lib/libate.dylib
0x000000003ac9c000 	/System/Library/PrivateFrameworks/GPUCompiler.framework/libmetal_timestamp.dylib
0x000000003ac9c000 	/System/Library/Frameworks/OpenGL.framework/Versions/A/Libraries/libCoreFSCache.dylib
0x000000003ac9c000 	/System/Library/PrivateFrameworks/IOAccelerator.framework/Versions/A/IOAccelerator
0x000000003ac9c000 	/System/Library/Frameworks/CoreVideo.framework/Versions/A/CoreVideo
0x000000003ac9c000 	/usr/lib/libFosl_dynamic.dylib
0x000000003ac9c000 	/System/Library/PrivateFrameworks/MetalPerformanceShaders.framework/Versions/A/MetalPerformanceShaders
0x000000003ac9c000 	/System/Library/PrivateFrameworks/FaceCore.framework/Versions/A/FaceCore
0x000000003ac9c000 	/System/Library/Frameworks/OpenCL.framework/Versions/A/OpenCL
0x000000003ac9c000 	/System/Library/Frameworks/OpenGL.framework/Versions/A/Libraries/libGLU.dylib
0x000000003ac9c000 	/System/Library/Frameworks/OpenGL.framework/Versions/A/Libraries/libGFXShared.dylib
0x000000003ac9c000 	/System/Library/Frameworks/OpenGL.framework/Versions/A/Libraries/libGL.dylib
0x000000003ac9c000 	/System/Library/Frameworks/OpenGL.framework/Versions/A/Libraries/libGLImage.dylib
0x000000003ac9c000 	/System/Library/Frameworks/OpenGL.framework/Versions/A/Libraries/libCVMSPluginSupport.dylib
0x000000003ac9c000 	/System/Library/Frameworks/OpenGL.framework/Versions/A/Libraries/libCoreVMClient.dylib
0x000000003ac9c000 	/System/Library/PrivateFrameworks/CrashReporterSupport.framework/Versions/A/CrashReporterSupport
0x000000003ac9c000 	/System/Library/PrivateFrameworks/Sharing.framework/Versions/A/Sharing
0x000000003ac9c000 	/System/Library/PrivateFrameworks/IconServices.framework/Versions/A/IconServices
0x000000003ac9c000 	/System/Library/PrivateFrameworks/ProtocolBuffer.framework/Versions/A/ProtocolBuffer
0x000000003ac9c000 	/System/Library/PrivateFrameworks/Apple80211.framework/Versions/A/Apple80211
0x000000003ac9c000 	/System/Library/Frameworks/CoreWLAN.framework/Versions/A/CoreWLAN
0x000000003ac9c000 	/System/Library/PrivateFrameworks/CoreUtils.framework/Versions/A/CoreUtils
0x000000003ac9c000 	/System/Library/Frameworks/IOBluetooth.framework/Versions/A/IOBluetooth
0x000000003ac9c000 	/System/Library/PrivateFrameworks/CoreWiFi.framework/Versions/A/CoreWiFi
0x000000003ac9c000 	/System/Library/Frameworks/CoreBluetooth.framework/Versions/A/CoreBluetooth
0x000000003ac9c000 	/System/Library/Frameworks/CoreDisplay.framework/Versions/A/CoreDisplay
0x000000003ac9c000 	/System/Library/PrivateFrameworks/IOPresentment.framework/Versions/A/IOPresentment
0x000000003ac9c000 	/System/Library/PrivateFrameworks/DebugSymbols.framework/Versions/A/DebugSymbols
0x000000003ac9c000 	/System/Library/PrivateFrameworks/CoreSymbolication.framework/Versions/A/CoreSymbolication
0x000000003ac9c000 	/System/Library/PrivateFrameworks/Symbolication.framework/Versions/A/Symbolication
0x000000003ac9c000 	/System/Library/PrivateFrameworks/AppleFSCompression.framework/Versions/A/AppleFSCompression
0x000000003ac9c000 	/System/Library/PrivateFrameworks/SpeechRecognitionCore.framework/Versions/A/SpeechRecognitionCore
0x000000003ac9c000 	/System/Library/PrivateFrameworks/ChunkingLibrary.framework/Versions/A/ChunkingLibrary
0x000000010ce00000 	/Library/Java/JavaVirtualMachines/jdk1.8.0_91.jdk/Contents/Home/jre/lib/server/libjvm.dylib
0x000000003ac9c000 	/usr/lib/libstdc++.6.dylib
0x000000010c4e5000 	/Library/Java/JavaVirtualMachines/jdk1.8.0_91.jdk/Contents/Home/jre/lib/libverify.dylib
0x000000010c4f3000 	/Library/Java/JavaVirtualMachines/jdk1.8.0_91.jdk/Contents/Home/jre/lib/libjava.dylib
0x000000010c532000 	/Library/Java/JavaVirtualMachines/jdk1.8.0_91.jdk/Contents/Home/jre/lib/libzip.dylib
0x000000010fdba000 	/System/Library/Frameworks/JavaVM.framework/Frameworks/JavaRuntimeSupport.framework/JavaRuntimeSupport
0x000000010fdd4000 	/System/Library/Frameworks/JavaVM.framework/Versions/A/Frameworks/JavaNativeFoundation.framework/Versions/A/JavaNativeFoundation
0x000000010fde9000 	/System/Library/Frameworks/JavaVM.framework/Versions/A/JavaVM
0x000000003ac9c000 	/System/Library/Frameworks/Carbon.framework/Versions/A/Carbon
0x000000010fdf6000 	/System/Library/PrivateFrameworks/JavaLaunching.framework/Versions/A/JavaLaunching
0x000000003ac9c000 	/System/Library/Frameworks/Carbon.framework/Versions/A/Frameworks/CommonPanels.framework/Versions/A/CommonPanels
0x000000003ac9c000 	/System/Library/Frameworks/Carbon.framework/Versions/A/Frameworks/Help.framework/Versions/A/Help
0x000000003ac9c000 	/System/Library/Frameworks/Carbon.framework/Versions/A/Frameworks/ImageCapture.framework/Versions/A/ImageCapture
0x000000003ac9c000 	/System/Library/Frameworks/Carbon.framework/Versions/A/Frameworks/OpenScripting.framework/Versions/A/OpenScripting
0x000000003ac9c000 	/System/Library/Frameworks/Carbon.framework/Versions/A/Frameworks/Print.framework/Versions/A/Print
0x000000003ac9c000 	/System/Library/Frameworks/Carbon.framework/Versions/A/Frameworks/SecurityHI.framework/Versions/A/SecurityHI
0x0000000111710000 	/Library/Java/JavaVirtualMachines/jdk1.8.0_91.jdk/Contents/Home/jre/lib/libnio.dylib
0x0000000111720000 	/Library/Java/JavaVirtualMachines/jdk1.8.0_91.jdk/Contents/Home/jre/lib/./libnet.dylib
0x0000000111864000 	/Library/Java/JavaVirtualMachines/jdk1.8.0_91.jdk/Contents/Home/jre/lib/libawt.dylib
0x000000011190c000 	/Library/Java/JavaVirtualMachines/jdk1.8.0_91.jdk/Contents/Home/jre/lib/./libmlib_image.dylib
0x00000001119d8000 	/Library/Java/JavaVirtualMachines/jdk1.8.0_91.jdk/Contents/Home/jre/lib/libawt_lwawt.dylib
0x0000000111a8d000 	/Library/Java/JavaVirtualMachines/jdk1.8.0_91.jdk/Contents/Home/jre/lib/./libosxapp.dylib
0x000000003ac9c000 	/System/Library/Frameworks/ExceptionHandling.framework/Versions/A/ExceptionHandling
0x000000003ac9c000 	/System/Library/PrivateFrameworks/CoreServicesInternal.framework/Versions/A/CoreServicesInternal
0x000000003ac9c000 	/System/Library/CoreServices/RawCamera.bundle/Contents/MacOS/RawCamera
0x000000003ac9c000 	/System/Library/Frameworks/Accelerate.framework/Versions/A/Frameworks/vImage.framework/Versions/A/Libraries/libCGInterfaces.dylib
0x000000003ac9c000 	/System/Library/Frameworks/ApplicationServices.framework/Versions/A/Frameworks/ATS.framework/Versions/A/Resources/libTrueTypeScaler.dylib
0x000000003ac9c000 	/System/Library/Frameworks/OpenGL.framework/Versions/A/Resources/GLEngine.bundle/GLEngine
0x000000003ac9c000 	/System/Library/Frameworks/OpenGL.framework/Versions/A/Libraries/libGLProgrammability.dylib
0x00000001229aa000 	/System/Library/Extensions/AppleIntelBDWGraphicsGLDriver.bundle/Contents/MacOS/AppleIntelBDWGraphicsGLDriver
0x000000003ac9c000 	/System/Library/PrivateFrameworks/GPUSupport.framework/Versions/A/Libraries/libGPUSupportMercury.dylib
0x000000003ac9c000 	/System/Library/Frameworks/OpenGL.framework/Versions/A/Resources/GLRendererFloat.bundle/GLRendererFloat
0x000000003ac9c000 	/System/Library/Frameworks/OpenCL.framework/Versions/A/Libraries/libcldcpuengine.dylib
0x000000003ac9c000 	/usr/lib/libcrypto.0.9.8.dylib
0x000000003ac9c000 	/System/Library/PrivateFrameworks/TrustEvaluationAgent.framework/Versions/A/TrustEvaluationAgent
0x0000000123106000 	/System/Library/Extensions/AppleIntelBDWGraphicsMTLDriver.bundle/Contents/MacOS/AppleIntelBDWGraphicsMTLDriver
0x000000003ac9c000 	/System/Library/PrivateFrameworks/FamilyControls.framework/Versions/A/FamilyControls
0x000000003ac9c000 	/System/Library/PrivateFrameworks/CommerceKit.framework/Versions/A/Frameworks/CommerceCore.framework/Versions/A/CommerceCore
0x000000003ac9c000 	/System/Library/PrivateFrameworks/SystemAdministration.framework/Versions/A/SystemAdministration
0x000000003ac9c000 	/System/Library/PrivateFrameworks/AppContainer.framework/Versions/A/AppContainer
0x000000003ac9c000 	/System/Library/PrivateFrameworks/SecCodeWrapper.framework/Versions/A/SecCodeWrapper
0x000000003ac9c000 	/System/Library/Frameworks/DirectoryService.framework/Versions/A/DirectoryService
0x000000003ac9c000 	/System/Library/PrivateFrameworks/DiskImages.framework/Versions/A/DiskImages
0x000000003ac9c000 	/System/Library/PrivateFrameworks/LoginUIKit.framework/Versions/A/Frameworks/LoginUICore.framework/Versions/A/LoginUICore
0x000000003ac9c000 	/usr/lib/libCoreStorage.dylib
0x000000003ac9c000 	/usr/lib/libcsfde.dylib
0x000000003ac9c000 	/usr/lib/libodfde.dylib
0x000000003ac9c000 	/System/Library/Frameworks/DiscRecording.framework/Versions/A/DiscRecording
0x000000003ac9c000 	/usr/lib/libcurl.4.dylib
0x000000003ac9c000 	/System/Library/PrivateFrameworks/MediaKit.framework/Versions/A/MediaKit
0x000000003ac9c000 	/System/Library/PrivateFrameworks/ProtectedCloudStorage.framework/Versions/A/ProtectedCloudStorage
0x000000003ac9c000 	/System/Library/PrivateFrameworks/EFILogin.framework/Versions/A/EFILogin
0x000000003ac9c000 	/usr/lib/libutil.dylib
0x000000003ac9c000 	/System/Library/Frameworks/LDAP.framework/Versions/A/LDAP
0x000000003ac9c000 	/usr/lib/libsasl2.2.dylib
0x000000003ac9c000 	/System/Library/PrivateFrameworks/CoreDaemon.framework/Versions/B/CoreDaemon
0x000000003ac9c000 	/System/Library/PrivateFrameworks/AppleSRP.framework/Versions/A/AppleSRP
0x000000003ac9c000 	/System/Library/PrivateFrameworks/APFS.framework/Versions/A/APFS
0x0000000125043000 	/Library/Java/JavaVirtualMachines/jdk1.8.0_91.jdk/Contents/Home/jre/lib/libsplashscreen.dylib
0x000000003ac9c000 	/System/Library/PrivateFrameworks/ViewBridge.framework/Versions/A/ViewBridge
0x000000003ac9c000 	/System/Library/PrivateFrameworks/XPCService.framework/Versions/A/XPCService
0x000000003ac9c000 	/System/Library/PrivateFrameworks/AppSandbox.framework/Versions/A/AppSandbox
0x000000003ac9c000 	/usr/lib/libsandbox.1.dylib
0x000000003ac9c000 	/usr/lib/libMatch.1.dylib
0x000000012509c000 	/Library/Java/JavaVirtualMachines/jdk1.8.0_91.jdk/Contents/Home/jre/lib/libfontmanager.dylib
0x0000000125103000 	/Library/Java/JavaVirtualMachines/jdk1.8.0_91.jdk/Contents/Home/jre/lib/libosxui.dylib
0x000000012836c000 	/private/var/folders/hb/g56121ds7d97484qcv6864y40000gn/T/libgdxniclasmolby/801e903a/libgdx64.dylib
0x00000001283ba000 	/Library/Java/JavaVirtualMachines/jdk1.8.0_91.jdk/Contents/Home/jre/lib/libprism_es2.dylib
0x00000001287b9000 	/Library/Java/JavaVirtualMachines/jdk1.8.0_91.jdk/Contents/Home/jre/lib/libglass.dylib
0x0000000128818000 	/private/var/folders/hb/g56121ds7d97484qcv6864y40000gn/T/libgdxniclasmolby/f7649394/liblwjgl.dylib
0x000000012889a000 	/Library/Java/JavaVirtualMachines/jdk1.8.0_91.jdk/Contents/Home/jre/lib/libjawt.dylib
0x0000000128aef000 	/var/folders/hb/g56121ds7d97484qcv6864y40000gn/T/libgdxniclasmolby/f7649394/openal.dylib
0x00000001292d7000 	/System/Library/Components/CoreAudio.component/Contents/MacOS/CoreAudio
0x00000001294d8000 	/System/Library/Extensions/AppleHDA.kext/Contents/PlugIns/AppleHDAHALPlugIn.bundle/Contents/MacOS/AppleHDAHALPlugIn
0x000000012257d000 	/Library/Java/JavaVirtualMachines/jdk1.8.0_91.jdk/Contents/Home/jre/lib/libjavafx_font.dylib
0x00000001464d0000 	/Library/Java/JavaVirtualMachines/jdk1.8.0_91.jdk/Contents/Home/jre/lib/libprism_common.dylib

VM Arguments:
jvm_args: -Djdk.home=/Library/Java/JavaVirtualMachines/jdk1.8.0_91.jdk/Contents/Home -Dnetbeans.dirs=/Users/niclasmolby/NetBeansProjects/4-semester-projekt/application/target/rpg/bin:/Users/niclasmolby/NetBeansProjects/4-semester-projekt/application/target/rpg/etc:/Users/niclasmolby/NetBeansProjects/4-semester-projekt/application/target/rpg/platform:/Users/niclasmolby/NetBeansProjects/4-semester-projekt/application/target/rpg/rpg: -Dnetbeans.home=/Users/niclasmolby/NetBeansProjects/4-semester-projekt/application/target/rpg/platform -Dcom.apple.mrj.application.apple.menu.about.name=rpg -Xms24m -Xmx64m -Dnetbeans.logger.console=true -ea -Dnetbeans.patches.rpg.Common=/Users/niclasmolby/NetBeansProjects/4-semester-projekt/Common/target/classes -Dnetbeans.patches.rpg.Enemy=/Users/niclasmolby/NetBeansProjects/4-semester-projekt/Enemy/target/classes -Dnetbeans.patches.rpg.CommonEnemy=/Users/niclasmolby/NetBeansProjects/4-semester-projekt/CommonEnemy/target/classes -Dnetbeans.patches.rpg.Player=/Users/niclasmolby/NetBeansProjects/4-semester-projekt/Player/target/classes -Dnetbeans.patches.rpg.AStarCnC=/Users/niclasmolby/NetBeansProjects/4-semester-projekt/AStarCnC/target/classes -XX:+HeapDumpOnOutOfMemoryError -XX:HeapDumpPath=/Users/niclasmolby/NetBeansProjects/4-semester-projekt/application/target/userdir/var/log/heapdump.hprof 
java_command: org.netbeans.Main --cachedir /Users/niclasmolby/NetBeansProjects/4-semester-projekt/application/target/userdir/var/cache --userdir /Users/niclasmolby/NetBeansProjects/4-semester-projekt/application/target/userdir --branding rpg --branding rpg
java_class_path (initial): /Users/niclasmolby/NetBeansProjects/4-semester-projekt/application/target/rpg/platform/lib/boot.jar:/Users/niclasmolby/NetBeansProjects/4-semester-projekt/application/target/rpg/platform/lib/org-openide-modules.jar:/Users/niclasmolby/NetBeansProjects/4-semester-projekt/application/target/rpg/platform/lib/org-openide-util-lookup.jar:/Users/niclasmolby/NetBeansProjects/4-semester-projekt/application/target/rpg/platform/lib/org-openide-util-ui.jar:/Users/niclasmolby/NetBeansProjects/4-semester-projekt/application/target/rpg/platform/lib/org-openide-util.jar:/Users/niclasmolby/NetBeansProjects/4-semester-projekt/application/target/rpg/platform/lib/locale/boot_ja.jar:/Users/niclasmolby/NetBeansProjects/4-semester-projekt/application/target/rpg/platform/lib/locale/boot_pt_BR.jar:/Users/niclasmolby/NetBeansProjects/4-semester-projekt/application/target/rpg/platform/lib/locale/boot_ru.jar:/Users/niclasmolby/NetBeansProjects/4-semester-projekt/application/target/rpg/platform/lib/locale/boot_zh_CN.jar:/Users/niclasmolby/NetBeansProjects/4-semester-projekt/application/target/rpg/platform/lib/locale/org-openide-modules_ja.jar:/Users/niclasmolby/NetBeansProjects/4-semester-projekt/application/target/rpg/platform/lib/locale/org-openide-modules_pt_BR.jar:/Users/niclasmolby/NetBeansProjects/4-semester-projekt/application/target/rpg/platform/lib/locale/org-openide-modules_ru.jar:/Users/niclasmolby/NetBeansProjects/4-semester-projekt/application/target/rpg/platform/lib/locale/org-openide-modules_zh_CN.jar:/Users/niclasmolby/NetBeansProjects/4-semester-projekt/application/target/rpg/platform/lib/locale/org-openide-util-lookup_ja.jar:/Users/niclasmolby/NetBeansProjects/4-semester-projekt/application/target/rpg/platform/lib/locale/org-openide-util-lookup_pt_BR.jar:/Users/niclasmolby/NetBeansProjects/4-semester-projekt/application/target/rpg/platform/lib/locale/org-openide-util-lookup_ru.jar:/Users/niclasmolby/NetBeansProjects/4-semester-projekt/application/t
Launcher Type: SUN_STANDARD

Environment Variables:
JAVA_HOME=/Library/Java/JavaVirtualMachines/jdk1.8.0_91.jdk/Contents/Home
PATH=/usr/bin:/bin:/usr/sbin:/sbin
LD_LIBRARY_PATH=/Library/Java/JavaVirtualMachines/jdk1.8.0_91.jdk/Contents/Home/jre/lib/amd64:/Library/Java/JavaVirtualMachines/jdk1.8.0_91.jdk/Contents/Home/jre/lib/i386:
SHELL=/bin/bash

Signal Handlers:
SIGSEGV: [libjvm.dylib+0x5a97a1], sa_mask[0]=11111111011111110111111111111111, sa_flags=SA_ONSTACK|SA_RESTART|SA_SIGINFO
SIGBUS: [libjvm.dylib+0x5a97a1], sa_mask[0]=11111111011111110111111111111111, sa_flags=SA_RESTART|SA_SIGINFO
SIGFPE: [libjvm.dylib+0x482594], sa_mask[0]=11111111011111110111111111111111, sa_flags=SA_RESTART|SA_SIGINFO
SIGPIPE: [libjvm.dylib+0x482594], sa_mask[0]=11111111011111110111111111111111, sa_flags=SA_RESTART|SA_SIGINFO
SIGXFSZ: [libjvm.dylib+0x482594], sa_mask[0]=11111111011111110111111111111111, sa_flags=SA_RESTART|SA_SIGINFO
SIGILL: [libjvm.dylib+0x482594], sa_mask[0]=11111111011111110111111111111111, sa_flags=SA_RESTART|SA_SIGINFO
SIGUSR1: SIG_DFL, sa_mask[0]=00000000000000000000000000000000, sa_flags=none
SIGUSR2: [libjvm.dylib+0x4820b2], sa_mask[0]=00100000000000000000000000000000, sa_flags=SA_RESTART|SA_SIGINFO
SIGHUP: [libjvm.dylib+0x480689], sa_mask[0]=11111111011111110111111111111111, sa_flags=SA_RESTART|SA_SIGINFO
SIGINT: SIG_IGN, sa_mask[0]=00000000000000000000000000000000, sa_flags=none
SIGTERM: [libjvm.dylib+0x480689], sa_mask[0]=11111111011111110111111111111111, sa_flags=SA_RESTART|SA_SIGINFO
SIGQUIT: [libjvm.dylib+0x480689], sa_mask[0]=11111111011111110111111111111111, sa_flags=SA_RESTART|SA_SIGINFO


---------------  S Y S T E M  ---------------

OS:Bsduname:Darwin 16.4.0 Darwin Kernel Version 16.4.0: Thu Dec 22 22:53:21 PST 2016; root:xnu-3789.41.3~3/RELEASE_X86_64 x86_64
rlimit: STACK 8192k, CORE 0k, NPROC 709, NOFILE 10240, AS infinity
load average:2.97 1.80 1.60

CPU:total 4 (2 cores per cpu, 2 threads per core) family 6 model 61 stepping 4, cmov, cx8, fxsr, mmx, sse, sse2, sse3, ssse3, sse4.1, sse4.2, popcnt, avx, avx2, aes, clmul, erms, 3dnowpref, lzcnt, ht, tsc, tscinvbit, bmi1, bmi2, adx

Memory: 4k page, physical 8388608k(27044k free)

/proc/meminfo:


vm_info: Java HotSpot(TM) 64-Bit Server VM (25.91-b14) for bsd-amd64 JRE (1.8.0_91-b14), built on Apr  1 2016 01:03:00 by "java_re" with gcc 4.2.1 (Based on Apple Inc. build 5658) (LLVM build 2336.11.00)

time: Sun May  7 23:04:58 2017
elapsed time: 13 seconds (0d 0h 0m 13s)

